2019-11-16 22:53:24 INFO  DataBaseDeployer:85 executeSqlFile - CREATE TABLE `Users` (
    `user_id`        INT          NOT NULL AUTO_INCREMENT,
    `email`          varchar(32)  NOT NULL UNIQUE,
    `password`       varchar(32)   NOT NULL,
    `phone`          varchar(12)  NOT NULL,
    `role_id`        INT          NOT NULL,
    `user_name`      varchar(64)  NOT NULL,
    `surname`        varchar(64)  NOT NULL,
    PRIMARY KEY (`user_id`)
)
2019-11-16 22:53:25 INFO  DataBaseDeployer:85 executeSqlFile - CREATE TABLE `Appliances` (
    `appliance_id`       INT          NOT NULL,
    `appliance_name`     varchar(64)  NOT NULL,
    `model`              varchar(64)  NOT NULL,
    `disrepair`          varchar(128) NOT NULL,
    `manufacturer_id`    INT          NOT NULL,
    `type_id`            INT          NOT NULL,
    `user_id`            INT          NOT NULL,
    PRIMARY KEY (`appliance_id`)
)
2019-11-16 22:53:25 INFO  DataBaseDeployer:85 executeSqlFile - CREATE TABLE `Manufacturers` (
    `manufacturer_id`                 INT          NOT NULL AUTO_INCREMENT,
    `manufacturer_name`                            varchar(32)  NOT NULL,
    PRIMARY KEY (`manufacturer_id`)
)
2019-11-16 22:53:25 INFO  DataBaseDeployer:85 executeSqlFile - CREATE TABLE `Types` (
    `type_id`                 INT          NOT NULL AUTO_INCREMENT,
    `type_name`                    varchar(32)  NOT NULL,
    PRIMARY KEY (`type_id`)
)
2019-11-16 22:53:26 INFO  DataBaseDeployer:85 executeSqlFile - CREATE TABLE `Roles` (
    `role_id`                 INT          NOT NULL AUTO_INCREMENT,
    `role_name`                    varchar(16)  NOT NULL,
    PRIMARY KEY (`role_id`)
)
2019-11-16 22:53:26 INFO  DataBaseDeployer:85 executeSqlFile - CREATE TABLE `Orders` (
    `order_id`      INT                 NOT NULL AUTO_INCREMENT,
    `title`         varchar(128),
    `price`         BIGINT unsigned,
    `user_id`       INT                 NOT NULL,
    `appliance_id`  INT                 NOT NULL,
    `master_id`     INT,
    `state`         BOOL,
    PRIMARY KEY (`order_id`)
)
2019-11-16 22:53:26 INFO  DataBaseDeployer:85 executeSqlFile - CREATE TABLE `Responses` (
    `response_id`   INT              NOT NULL AUTO_INCREMENT,
    `text`          TINYTEXT             NOT NULL,
    `user_id`       INT              NOT NULL,
    PRIMARY KEY (`response_id`)
)
2019-11-16 22:53:27 INFO  DataBaseDeployer:85 executeSqlFile - INSERT INTO `Appliances`
    (`appliance_id`,`appliance_name`,`model`,`disrepair`,`manufacturer_id`,`type_id`,`user_id`)
VALUES
    (1, 'refrigerator', 'GW-B509SMHZ', '17999', 1, 1,1)
2019-11-16 22:53:27 INFO  DataBaseDeployer:85 executeSqlFile - INSERT INTO `Users`
    (`user_id`,`email`,`password`,`phone`,`role_id`, `user_name`,`surname`)
VALUES
    (1,'alex52@gmail.com','alex522','380986543256',2,'Alex','Vinokurov'),
    (2,'oleh.vilkov19@gmail.com','190098a8','380989845236',2,'Oleg','Vilkov')
2019-11-16 22:53:27 INFO  DataBaseDeployer:85 executeSqlFile - INSERT INTO `Manufacturers`
    (`manufacturer_id`,`manufacturer_name`)
VALUES
    ('1','LG'),
    ('2','SAMSUNG'),
    ('3','BOSCH'),
    ('4','BRAUN'),
    ('5','NOVATECK'),
    ('6','COOPER_HUNTER'),
    ('7','TIBERIS')
2019-11-16 22:53:27 INFO  DataBaseDeployer:85 executeSqlFile - INSERT INTO `Roles`
    (`role_id`,`role_name`)
VALUES
    ('1','CUSTOMER'),
    ('2','MANAGER'),
    ('3','MASTER')
2019-11-16 22:53:27 INFO  DataBaseDeployer:85 executeSqlFile - INSERT INTO `Types`
    (`type_id`,`type_name`)
VALUES
    ('1','MAJOR_HOUSEHOLD_APPLIANCE'),
    ('2','MINOR_HOUSEHOLD_APPLIANCE'),
    ('3','CLIMATIC_APPLIANCE')
2019-11-16 22:53:27 INFO  DataBaseDeployer:85 executeSqlFile - INSERT INTO `Addresses`
    (`address_id`,`house`,`street`,`town`,`code`)
VALUES
    (1, 1, 'Deribasivska', 'Odesa', '65000'),
    (2, 15, 'Kolasa', 'Kyiv', '03025')
2019-11-16 22:53:27 WARN  DataBaseDeployer:89 executeSqlFile - *** Deploy DB Failed! File: 07_Addresses.sql Message: Table 'repairagency.Addresses' doesn't exist
2019-11-16 22:53:27 INFO  DataBaseDeployer:85 executeSqlFile - INSERT INTO `Orders`
    (`order_id`,`title`,`price`,`user_id`,`appliance_id`,`master_id`,`state`)
VALUES
    (1, 'title', 258693, 4,1,2,true ),
    (2, 'title', 2500600, 5,2,3,true )
2019-11-16 22:58:32 INFO  DataBaseDeployer:85 executeSqlFile - CREATE TABLE `Users` (
    `user_id`        INT          NOT NULL AUTO_INCREMENT,
    `email`          varchar(32)  NOT NULL UNIQUE,
    `password`       varchar(32)   NOT NULL,
    `phone`          varchar(12)  NOT NULL,
    `role_id`        INT          NOT NULL,
    `user_name`      varchar(64)  NOT NULL,
    `surname`        varchar(64)  NOT NULL,
    PRIMARY KEY (`user_id`)
)
2019-11-16 22:58:33 INFO  DataBaseDeployer:85 executeSqlFile - CREATE TABLE `Appliances` (
    `appliance_id`       INT          NOT NULL,
    `appliance_name`     varchar(64)  NOT NULL,
    `model`              varchar(64)  NOT NULL,
    `disrepair`          varchar(128) NOT NULL,
    `manufacturer_id`    INT          NOT NULL,
    `type_id`            INT          NOT NULL,
    `user_id`            INT          NOT NULL,
    PRIMARY KEY (`appliance_id`)
)
2019-11-16 22:58:33 INFO  DataBaseDeployer:85 executeSqlFile - CREATE TABLE `Manufacturers` (
    `manufacturer_id`                 INT          NOT NULL AUTO_INCREMENT,
    `manufacturer_name`                            varchar(32)  NOT NULL,
    PRIMARY KEY (`manufacturer_id`)
)
2019-11-16 22:58:33 INFO  DataBaseDeployer:85 executeSqlFile - CREATE TABLE `Types` (
    `type_id`                 INT          NOT NULL AUTO_INCREMENT,
    `type_name`                    varchar(32)  NOT NULL,
    PRIMARY KEY (`type_id`)
)
2019-11-16 22:58:34 INFO  DataBaseDeployer:85 executeSqlFile - CREATE TABLE `Roles` (
    `role_id`                 INT          NOT NULL AUTO_INCREMENT,
    `role_name`                    varchar(16)  NOT NULL,
    PRIMARY KEY (`role_id`)
)
2019-11-16 22:58:34 INFO  DataBaseDeployer:85 executeSqlFile - CREATE TABLE `Orders` (
    `order_id`      INT                 NOT NULL AUTO_INCREMENT,
    `title`         varchar(128),
    `price`         BIGINT unsigned,
    `user_id`       INT                 NOT NULL,
    `appliance_id`  INT                 NOT NULL,
    `master_id`     INT,
    `state`         BOOL,
    PRIMARY KEY (`order_id`)
)
2019-11-16 22:58:34 INFO  DataBaseDeployer:85 executeSqlFile - CREATE TABLE `Responses` (
    `response_id`   INT              NOT NULL AUTO_INCREMENT,
    `text`          TINYTEXT             NOT NULL,
    `user_id`       INT              NOT NULL,
    PRIMARY KEY (`response_id`)
)
2019-11-16 22:58:35 INFO  DataBaseDeployer:85 executeSqlFile - INSERT INTO `Appliances`
    (`appliance_id`,`appliance_name`,`model`,`disrepair`,`manufacturer_id`,`type_id`,`user_id`)
VALUES
    (1, 'refrigerator', 'GW-B509SMHZ', '17999', 1, 1,1)
2019-11-16 22:58:35 INFO  DataBaseDeployer:85 executeSqlFile - INSERT INTO `Users`
    (`user_id`,`email`,`password`,`phone`,`role_id`, `user_name`,`surname`)
VALUES
    (1,'admin@gmail.com','adminkov','380986543256',2,'Alex','Vinokurov'),
    (2,'customer@gmail.com','customer','380989845236',1,'Oleg','Vilkov'),
    (3,'master@gmail.com','masterok','380989845236',3,'Oleg','Vilkov')
2019-11-16 22:58:35 INFO  DataBaseDeployer:85 executeSqlFile - INSERT INTO `Manufacturers`
    (`manufacturer_id`,`manufacturer_name`)
VALUES
    ('1','LG'),
    ('2','SAMSUNG'),
    ('3','BOSCH'),
    ('4','BRAUN'),
    ('5','NOVATECK'),
    ('6','COOPER_HUNTER'),
    ('7','TIBERIS')
2019-11-16 22:58:35 INFO  DataBaseDeployer:85 executeSqlFile - INSERT INTO `Roles`
    (`role_id`,`role_name`)
VALUES
    ('1','CUSTOMER'),
    ('2','MANAGER'),
    ('3','MASTER')
2019-11-16 22:58:35 INFO  DataBaseDeployer:85 executeSqlFile - INSERT INTO `Types`
    (`type_id`,`type_name`)
VALUES
    ('1','MAJOR_HOUSEHOLD_APPLIANCE'),
    ('2','MINOR_HOUSEHOLD_APPLIANCE'),
    ('3','CLIMATIC_APPLIANCE')
2019-11-16 22:58:35 INFO  DataBaseDeployer:85 executeSqlFile - INSERT INTO `Addresses`
    (`address_id`,`house`,`street`,`town`,`code`)
VALUES
    (1, 1, 'Deribasivska', 'Odesa', '65000'),
    (2, 15, 'Kolasa', 'Kyiv', '03025')
2019-11-16 22:58:35 WARN  DataBaseDeployer:89 executeSqlFile - *** Deploy DB Failed! File: 07_Addresses.sql Message: Table 'repairagency.Addresses' doesn't exist
2019-11-16 22:58:35 INFO  DataBaseDeployer:85 executeSqlFile - INSERT INTO `Orders`
    (`order_id`,`title`,`price`,`user_id`,`appliance_id`,`master_id`,`state`)
VALUES
    (1, 'title', 258693, 4,1,2,true ),
    (2, 'title', 2500600, 5,2,3,true )
